<?xml version="1.0" encoding="UTF-8"?>
<!-- Generated by org.testng.reporters.JUnitReportReporter -->
<testsuite hostname="LIN59019998" failures="0" tests="1" name="com.automation.orghrm.testscripts.ContractTest" time="33.944" errors="0" timestamp="2022-01-29T19:34:20 IST" skipped="0">
  <testcase classname="com.automation.orghrm.testscripts.ContractTest" name="enterCredentials" time="33.944"/>
  <system-out/>
</testsuite> <!-- com.automation.orghrm.testscripts.ContractTest -->
